info: Banco de dados conectado...
info: **************************************
info: * Servidor iniciado na porta 3000    *
info: *           Versão 1.0.22            *
info: **************************************
info: Integração Power BI ativada
info: Aguarde, fazendo atualização dos dados Power BI...
info: Atualizando Clientes...
info: Atualizando Emails ...
info: Atualizando Telefones ...
info: Atualizando Contas a Pagar ...
info: 16/7/2024 11:58 - 19855 clientes atualizados...
info: 16/7/2024 11:58 - 4941 emails atualizados...
info: 16/7/2024 11:58 - 28303 telefones atualizados...
error: TypeError: Cannot read properties of undefined (reading 'affectedRows')
    at Query.onResult (C:\projetos\cmx-api-electron\cmx-api-electron\funcoes\powerbi_enviar_dados.js:788:62)
    at Connection._notifyError (C:\projetos\cmx-api-electron\cmx-api-electron\node_modules\mysql2\lib\connection.js:228:21)
    at Connection._handleFatalError (C:\projetos\cmx-api-electron\cmx-api-electron\node_modules\mysql2\lib\connection.js:183:10)
    at Connection.handlePacket (C:\projetos\cmx-api-electron\cmx-api-electron\node_modules\mysql2\lib\connection.js:491:12)
    at PacketParser.onPacket (C:\projetos\cmx-api-electron\cmx-api-electron\node_modules\mysql2\lib\connection.js:97:12)
    at PacketParser.executeStart (C:\projetos\cmx-api-electron\cmx-api-electron\node_modules\mysql2\lib\packet_parser.js:75:16)
    at Socket.<anonymous> (C:\projetos\cmx-api-electron\cmx-api-electron\node_modules\mysql2\lib\connection.js:104:25)
    at Socket.emit (node:events:514:28)
    at addChunk (node:internal/streams/readable:376:12)
    at readableAddChunk (node:internal/streams/readable:349:9)
info: Banco de dados conectado...
info: **************************************
info: * Servidor iniciado na porta 3000    *
info: *           Versão 1.0.22            *
info: **************************************
info: Integração Power BI ativada
info: Aguarde, fazendo atualização dos dados Power BI...
info: Atualizando Clientes...
info: Atualizando Emails ...
info: Atualizando Telefones ...
info: Atualizando Contas a Pagar ...
info: 16/7/2024 12:04 - 19855 clientes atualizados...
info: 16/7/2024 12:04 - 4941 emails atualizados...
info: 16/7/2024 12:04 - 28303 telefones atualizados...
info: 16/7/2024 12:04 - 12973 contas a pagar atualizadas...
info: Banco de dados conectado...
info: **************************************
info: * Servidor iniciado na porta 3000    *
info: *           Versão 1.0.22            *
info: **************************************
info: Integração Power BI ativada
info: Aguarde, fazendo atualização dos dados Power BI...
info: Atualizando Clientes...
info: Atualizando Emails ...
info: Atualizando Telefones ...
info: Atualizando Contas a Pagar ...
info: 16/7/2024 12:11 - 19855 clientes atualizados...
info: 16/7/2024 12:11 - 4941 emails atualizados...
info: 16/7/2024 12:11 - 28303 telefones atualizados...
info: 16/7/2024 12:11 - 12973 contas a pagar atualizadas...
info: Banco de dados conectado...
info: **************************************
info: * Servidor iniciado na porta 3000    *
info: *           Versão 1.0.22            *
info: **************************************
info: Integração Power BI ativada
info: Aguarde, fazendo atualização dos dados Power BI...
info: Atualizando Clientes...
info: Atualizando Emails ...
info: Atualizando Telefones ...
info: Atualizando Contas a Pagar ...
info: Atualizando Contas a Receber (Crediario) ...
info: 16/7/2024 12:14 - 19855 clientes atualizados...
info: 16/7/2024 12:14 - 4941 emails atualizados...
info: 16/7/2024 12:14 - 28303 telefones atualizados...
info: 16/7/2024 12:14 - 12973 contas a pagar atualizadas...
info: 16/7/2024 12:14 - 3842 contas a receber (crediario) atualizadas...
info: Banco de dados conectado...
info: **************************************
info: * Servidor iniciado na porta 3000    *
info: *           Versão 1.0.22            *
info: **************************************
info: Integração Power BI ativada
info: Aguarde, fazendo atualização dos dados Power BI...
info: Atualizando Clientes...
info: Atualizando Emails ...
info: Atualizando Telefones ...
info: Atualizando Contas a Pagar ...
info: Atualizando Contas a Receber (Crediario) ...
info: Atualizando Produtos/Fornecedores...
info: 16/7/2024 12:18 - 19855 clientes atualizados...
info: 16/7/2024 12:18 - 4941 emails atualizados...
info: 16/7/2024 12:18 - 28303 telefones atualizados...
info: 16/7/2024 12:18 - 12973 contas a pagar atualizadas...
info: 16/7/2024 12:18 - 3842 contas a receber (crediario) atualizadas...
info: 16/7/2024 12:18 - 10823 produtos/fornecedores atualizados...
info: Banco de dados conectado...
info: **************************************
info: * Servidor iniciado na porta 3000    *
info: *           Versão 1.0.22            *
info: **************************************
info: Integração Power BI ativada
info: Aguarde, fazendo atualização dos dados Power BI...
info: Atualizando Clientes...
info: Atualizando Emails ...
info: Atualizando Telefones ...
info: Atualizando Contas a Pagar ...
info: Atualizando Contas a Receber (Crediario) ...
info: Atualizando Produtos/Fornecedores...
info: 16/7/2024 12:20 - 19855 clientes atualizados...
info: 16/7/2024 12:20 - 4941 emails atualizados...
info: 16/7/2024 12:20 - 28303 telefones atualizados...
info: 16/7/2024 12:20 - 12973 contas a pagar atualizadas...
info: 16/7/2024 12:20 - 3842 contas a receber (crediario) atualizadas...
info: 16/7/2024 12:20 - 10823 produtos/fornecedores atualizados...
info: Atualizando Produtos/Entrada...
info: Banco de dados conectado...
info: **************************************
info: * Servidor iniciado na porta 3000    *
info: *           Versão 1.0.22            *
info: **************************************
info: Integração Power BI ativada
info: Aguarde, fazendo atualização dos dados Power BI...
info: Atualizando Clientes...
info: Atualizando Emails ...
info: Atualizando Telefones ...
info: Atualizando Contas a Pagar ...
info: Atualizando Contas a Receber (Crediario) ...
info: Atualizando Produtos/Fornecedores...
info: 16/7/2024 12:54 - 19855 clientes atualizados...
info: 16/7/2024 12:54 - 4941 emails atualizados...
info: 16/7/2024 12:54 - 28303 telefones atualizados...
info: 16/7/2024 12:54 - 12973 contas a pagar atualizadas...
info: 16/7/2024 12:54 - 3842 contas a receber (crediario) atualizadas...
info: 16/7/2024 12:54 - 10823 produtos/fornecedores atualizados...
info: Atualizando Produtos/Entrada...
info: Banco de dados conectado...
info: **************************************
info: * Servidor iniciado na porta 3000    *
info: *           Versão 1.0.22            *
info: **************************************
info: Integração Power BI ativada
info: Aguarde, fazendo atualização dos dados Power BI...
info: Atualizando Clientes...
info: Atualizando Emails ...
info: Atualizando Telefones ...
info: Atualizando Contas a Pagar ...
info: Atualizando Contas a Receber (Crediario) ...
info: Atualizando Produtos...
info: 16/7/2024 13:02 - 19855 clientes atualizados...
info: 16/7/2024 13:02 - 4941 emails atualizados...
info: 16/7/2024 13:02 - 28303 telefones atualizados...
info: 16/7/2024 13:02 - 12973 contas a pagar atualizadas...
info: 16/7/2024 13:02 - 3842 contas a receber (crediario) atualizadas...
info: 16/7/2024 13:02 - 21708 produtos atualizados...
info: Atualizando Produtos/Entrada...
info: Banco de dados conectado...
info: **************************************
info: * Servidor iniciado na porta 3000    *
info: *           Versão 1.0.22            *
info: **************************************
info: Integração Power BI ativada
info: Aguarde, fazendo atualização dos dados Power BI...
info: Atualizando Clientes...
info: Atualizando Emails ...
info: Atualizando Telefones ...
info: Atualizando Contas a Pagar ...
info: Atualizando Contas a Receber (Crediario) ...
info: Atualizando Produtos...
info: Atualizando Produtos/Fornecedores...
info: Atualizando Vendas...
info: Atualizando Vendedores...
info: 16/7/2024 13:06 - 19855 clientes atualizados...
info: 16/7/2024 13:06 - 4941 emails atualizados...
info: 16/7/2024 13:06 - 28303 telefones atualizados...
info: 16/7/2024 13:06 - 12973 contas a pagar atualizadas...
info: 16/7/2024 13:06 - 3842 contas a receber (crediario) atualizadas...
info: 16/7/2024 13:06 - 21708 produtos atualizados...
info: 16/7/2024 13:06 - 10823 produtos/fornecedores atualizados...
info: 16/7/2024 13:06 - 7325 vendas atualizadas...
info: 16/7/2024 13:06 -  142 vendedores atualizados...
info: Banco de dados conectado...
info: **************************************
info: * Servidor iniciado na porta 3000    *
info: *           Versão 1.0.22            *
info: **************************************
info: Integração Power BI ativada
info: Aguarde, fazendo atualização dos dados Power BI...
info: Atualizando Clientes...
info: Atualizando Emails ...
info: Atualizando Telefones ...
info: Atualizando Contas a Pagar ...
info: Atualizando Contas a Receber (Crediario) ...
info: Atualizando Produtos...
info: Atualizando Produtos/Entrada...
info: Atualizando Produtos/Fornecedores...
info: Atualizando Vendas...
info: Atualizando Vendedores...
info: 16/7/2024 14:22 - 19855 clientes atualizados...
info: 16/7/2024 14:22 - 4941 emails atualizados...
info: 16/7/2024 14:22 - 28303 telefones atualizados...
info: 16/7/2024 14:22 - 12973 contas a pagar atualizadas...
info: 16/7/2024 14:22 - 3842 contas a receber (crediario) atualizadas...
info: 16/7/2024 14:22 - 21708 produtos atualizados...
info: 16/7/2024 14:22 - 17477 produtos/entrada atualizados...
info: 16/7/2024 14:22 - 10823 produtos/fornecedores atualizados...
info: 16/7/2024 14:22 - 7325 vendas atualizadas...
info: 16/7/2024 14:22 -  142 vendedores atualizados...
info: Banco de dados conectado...
error: Error: listen EADDRINUSE: address already in use :::3000
    at Server.setupListenHandle [as _listen2] (node:net:1872:16)
    at listenInCluster (node:net:1920:12)
    at Server.listen (node:net:2008:7)
    at Function.listen (C:\projetos\cmx-api-electron\cmx-api-electron\node_modules\express\lib\application.js:635:24)
    at Object.<anonymous> (C:\projetos\cmx-api-electron\cmx-api-electron\main.js:269:21)
    at Module._compile (node:internal/modules/cjs/loader:1256:14)
    at Module._extensions..js (node:internal/modules/cjs/loader:1311:10)
    at Module.load (node:internal/modules/cjs/loader:1098:32)
    at Module._load (node:internal/modules/cjs/loader:945:12)
    at c._load (node:electron/js2c/node_init:2:13672)
info: Banco de dados conectado...
info: **************************************
info: * Servidor iniciado na porta 3000    *
info: *           Versão 1.0.23            *
info: **************************************
info: Integração Power BI ativada
info: Aguarde, fazendo atualização dos dados Power BI...
info: Atualizando Clientes...
info: Atualizando Emails ...
info: Atualizando Telefones ...
info: Atualizando Contas a Pagar ...
info: Atualizando Contas a Receber (Crediario) ...
error: Falha ao atualizar contas a receber
info: Atualizando Produtos...
info: Atualizando Produtos/Entrada...
info: Atualizando Produtos/Fornecedores...
info: Atualizando Vendas...
info: Atualizando Vendedores...
info: 16/7/2024 15:19 - 19855 clientes atualizados...
info: 16/7/2024 15:19 - 4941 emails atualizados...
info: 16/7/2024 15:19 - 28303 telefones atualizados...
info: 16/7/2024 15:19 - 12973 contas a pagar atualizadas...
info: 16/7/2024 15:19 - 21708 produtos atualizados...
info: 16/7/2024 15:19 - 17477 produtos/entrada atualizados...
info: 16/7/2024 15:19 - 10823 produtos/fornecedores atualizados...
info: 16/7/2024 15:19 - 7325 vendas atualizadas...
info: 16/7/2024 15:19 -  142 vendedores atualizados...
info: Banco de dados conectado...
info: **************************************
info: * Servidor iniciado na porta 3000    *
info: *           Versão 1.0.23            *
info: **************************************
info: Integração Power BI ativada
info: Aguarde, fazendo atualização dos dados Power BI...
info: Atualizando Clientes...
info: Atualizando Emails ...
info: Atualizando Telefones ...
info: Atualizando Contas a Pagar ...
info: Atualizando Contas a Receber (Crediario) ...
error: Falha ao atualizar contas a receber
info: Atualizando Produtos...
info: Atualizando Produtos/Entrada...
info: Atualizando Produtos/Fornecedores...
info: Atualizando Vendas...
info: Atualizando Vendedores...
info: 16/7/2024 15:21 - 19855 clientes atualizados...
info: 16/7/2024 15:21 - 4941 emails atualizados...
info: 16/7/2024 15:21 - 28303 telefones atualizados...
info: 16/7/2024 15:21 - 12973 contas a pagar atualizadas...
info: 16/7/2024 15:21 - 21708 produtos atualizados...
info: 16/7/2024 15:21 - 17477 produtos/entrada atualizados...
info: 16/7/2024 15:21 - 10823 produtos/fornecedores atualizados...
info: 16/7/2024 15:21 - 7325 vendas atualizadas...
info: 16/7/2024 15:21 -  142 vendedores atualizados...
info: Banco de dados conectado...
info: **************************************
info: * Servidor iniciado na porta 3000    *
info: *           Versão 1.0.23            *
info: **************************************
info: Integração Power BI ativada
info: Aguarde, fazendo atualização dos dados Power BI...
info: Atualizando Clientes...
info: Atualizando Emails ...
info: Atualizando Telefones ...
info: Atualizando Contas a Pagar ...
info: Atualizando Contas a Receber (Crediario) ...
error: Falha ao atualizar contas a receber
info: Atualizando Produtos...
info: Atualizando Produtos/Entrada...
info: Atualizando Produtos/Fornecedores...
info: Atualizando Vendas...
info: Atualizando Vendedores...
info: 16/7/2024 15:24 - 19855 clientes atualizados...
info: 16/7/2024 15:24 - 4941 emails atualizados...
info: 16/7/2024 15:24 - 28303 telefones atualizados...
info: 16/7/2024 15:24 - 12973 contas a pagar atualizadas...
info: 16/7/2024 15:24 - 21708 produtos atualizados...
info: 16/7/2024 15:24 - 17477 produtos/entrada atualizados...
info: Banco de dados conectado...
info: **************************************
info: * Servidor iniciado na porta 3000    *
info: *           Versão 1.0.23            *
info: **************************************
info: Integração Power BI ativada
info: Aguarde, fazendo atualização dos dados Power BI...
info: Atualizando Clientes...
info: Atualizando Emails ...
info: Atualizando Telefones ...
info: Atualizando Contas a Pagar ...
info: Atualizando Contas a Receber (Crediario) ...
info: Atualizando Produtos...
info: Atualizando Produtos/Entrada...
info: Atualizando Produtos/Fornecedores...
info: Atualizando Vendas...
info: Atualizando Vendedores...
info: 16/7/2024 15:24 - 19855 clientes atualizados...
info: 16/7/2024 15:24 - 4941 emails atualizados...
info: 16/7/2024 15:24 - 28303 telefones atualizados...
info: 16/7/2024 15:24 - 12973 contas a pagar atualizadas...
info: 16/7/2024 15:24 - 3842 contas a receber (crediario) atualizadas...
info: 16/7/2024 15:24 - 21708 produtos atualizados...
info: 16/7/2024 15:24 - 17477 produtos/entrada atualizados...
info: 16/7/2024 15:24 - 10823 produtos/fornecedores atualizados...
info: 16/7/2024 15:24 - 7325 vendas atualizadas...
info: 16/7/2024 15:24 -  142 vendedores atualizados...
info: Banco de dados conectado...
info: **************************************
info: * Servidor iniciado na porta 3000    *
info: *           Versão 1.0.23            *
info: **************************************
info: Integração Power BI ativada
info: Aguarde, fazendo atualização dos dados Power BI...
info: Atualizando Clientes...
info: Atualizando Emails ...
info: Atualizando Telefones ...
info: Atualizando Contas a Pagar ...
info: Atualizando Contas a Receber (Crediario) ...
info: Atualizando Produtos...
info: Atualizando Produtos/Entrada...
info: Atualizando Produtos/Fornecedores...
info: Atualizando Vendas...
info: Atualizando Vendedores...
info: 16/7/2024 15:30 - 19855 clientes atualizados...
info: 16/7/2024 15:30 - 4941 emails atualizados...
info: 16/7/2024 15:30 - 28303 telefones atualizados...
info: 16/7/2024 15:30 - 12973 contas a pagar atualizadas...
info: 16/7/2024 15:30 - 3842 contas a receber (crediario) atualizadas...
info: 16/7/2024 15:30 - 21708 produtos atualizados...
info: 16/7/2024 15:30 - 17477 produtos/entrada atualizados...
info: 16/7/2024 15:30 - 10823 produtos/fornecedores atualizados...
info: 16/7/2024 15:30 - 7325 vendas atualizadas...
info: 16/7/2024 15:30 -  142 vendedores atualizados...
info: Banco de dados conectado...
info: **************************************
info: * Servidor iniciado na porta 3000    *
info: *           Versão 1.0.23            *
info: **************************************
info: Integração Power BI ativada
info: Aguarde, fazendo atualização dos dados Power BI...
info: Atualizando Clientes...
info: Atualizando Emails ...
info: Atualizando Telefones ...
info: Atualizando Contas a Pagar ...
info: Atualizando Contas a Receber (Crediario) ...
info: Atualizando Produtos...
info: Atualizando Produtos/Entrada...
info: Atualizando Produtos/Fornecedores...
info: Atualizando Vendas...
info: Atualizando Vendedores...
info: 16/7/2024 15:47 - 19855 clientes atualizados...
info: 16/7/2024 15:47 - 4941 emails atualizados...
info: 16/7/2024 15:47 - 28303 telefones atualizados...
info: 16/7/2024 15:47 - 12973 contas a pagar atualizadas...
info: 16/7/2024 15:47 - 3842 contas a receber (crediario) atualizadas...
info: 16/7/2024 15:47 - 21708 produtos atualizados...
info: 16/7/2024 15:47 - 17477 produtos/entrada atualizados...
info: 16/7/2024 15:47 - 10823 produtos/fornecedores atualizados...
info: 16/7/2024 15:47 - 7325 vendas atualizadas...
info: 16/7/2024 15:47 -  142 vendedores atualizados...
info: Banco de dados conectado...
info: **************************************
info: * Servidor iniciado na porta 3000    *
info: *           Versão 1.0.23            *
info: **************************************
info: Integração Power BI ativada
info: Aguarde, fazendo atualização dos dados Power BI...
info: Atualizando Clientes...
info: Atualizando Emails ...
info: Atualizando Telefones ...
info: Atualizando Contas a Pagar ...
info: Atualizando Contas a Receber (Crediario) ...
info: Atualizando Produtos...
info: Atualizando Produtos/Entrada...
info: Atualizando Produtos/Fornecedores...
info: Atualizando Vendas...
info: Atualizando Vendedores...
info: 16/7/2024 15:49 - 19855 clientes atualizados...
info: 16/7/2024 15:49 - 4941 emails atualizados...
info: 16/7/2024 15:49 - 28303 telefones atualizados...
info: 16/7/2024 15:49 - 12973 contas a pagar atualizadas...
info: 16/7/2024 15:49 - 3842 contas a receber (crediario) atualizadas...
info: 16/7/2024 15:49 - 21708 produtos atualizados...
info: 16/7/2024 15:49 - 17477 produtos/entrada atualizados...
info: 16/7/2024 15:49 - 10823 produtos/fornecedores atualizados...
info: 16/7/2024 15:49 - 7325 vendas atualizadas...
info: 16/7/2024 15:49 -  142 vendedores atualizados...
info: Banco de dados conectado...
info: **************************************
info: * Servidor iniciado na porta 3000    *
info: *           Versão 1.0.23            *
info: **************************************
info: Integração Power BI ativada
info: Aguarde, fazendo atualização dos dados Power BI...
info: Atualizando Clientes...
info: Atualizando Emails ...
info: Atualizando Telefones ...
info: Atualizando Contas a Pagar ...
info: Atualizando Contas a Receber (Crediario) ...
info: Atualizando Produtos...
info: Atualizando Produtos/Entrada...
info: Atualizando Produtos/Fornecedores...
info: Atualizando Vendas...
info: Atualizando Vendedores...
info: 16/7/2024 15:50 - 19855 clientes atualizados...
info: 16/7/2024 15:50 - 4941 emails atualizados...
info: 16/7/2024 15:50 - 28303 telefones atualizados...
info: 16/7/2024 15:50 - 12973 contas a pagar atualizadas...
info: 16/7/2024 15:50 - 3842 contas a receber (crediario) atualizadas...
info: 16/7/2024 15:50 - 21708 produtos atualizados...
info: 16/7/2024 15:50 - 17477 produtos/entrada atualizados...
info: 16/7/2024 15:50 - 10823 produtos/fornecedores atualizados...
info: 16/7/2024 15:50 - 7325 vendas atualizadas...
info: 16/7/2024 15:50 -  142 vendedores atualizados...
info: Banco de dados conectado...
info: **************************************
info: * Servidor iniciado na porta 3000    *
info: *           Versão 1.0.23            *
info: **************************************
info: Integração Power BI ativada
info: Aguarde, fazendo atualização dos dados Power BI...
info: Atualizando Clientes...
info: Atualizando Emails ...
info: Atualizando Telefones ...
info: Atualizando Contas a Pagar ...
info: Atualizando Contas a Receber (Crediario) ...
info: Atualizando Produtos...
info: Atualizando Produtos/Entrada...
info: Atualizando Produtos/Fornecedores...
info: Atualizando Vendas...
info: Atualizando Vendedores...
info: 16/7/2024 15:54 - 19855 clientes atualizados...
info: 16/7/2024 15:54 - 4941 emails atualizados...
info: 16/7/2024 15:54 - 28303 telefones atualizados...
info: 16/7/2024 15:54 - 12973 contas a pagar atualizadas...
info: 16/7/2024 15:54 - 3842 contas a receber (crediario) atualizadas...
info: 16/7/2024 15:54 - 21708 produtos atualizados...
info: 16/7/2024 15:54 - 17477 produtos/entrada atualizados...
info: 16/7/2024 15:54 - 10823 produtos/fornecedores atualizados...
info: 16/7/2024 15:54 - 7325 vendas atualizadas...
info: 16/7/2024 15:54 -  142 vendedores atualizados...
info: Banco de dados conectado...
info: **************************************
info: * Servidor iniciado na porta 3000    *
info: *           Versão 1.0.23            *
info: **************************************
info: Integração Power BI ativada
info: Aguarde, fazendo atualização dos dados Power BI...
info: Atualizando Clientes...
info: Atualizando Emails ...
info: Atualizando Telefones ...
info: Atualizando Contas a Pagar ...
info: Atualizando Contas a Receber (Crediario) ...
error: Falha ao atualizar contas a receber
info: Atualizando Produtos...
info: Atualizando Produtos/Entrada...
info: Atualizando Produtos/Fornecedores...
info: Atualizando Vendas...
info: Atualizando Vendedores...
info: 16/7/2024 15:56 - 19855 clientes atualizados...
info: 16/7/2024 15:56 - 4941 emails atualizados...
info: 16/7/2024 15:56 - 28303 telefones atualizados...
info: 16/7/2024 15:56 - 12973 contas a pagar atualizadas...
info: Banco de dados conectado...
info: **************************************
info: * Servidor iniciado na porta 3000    *
info: *           Versão 1.0.23            *
info: **************************************
info: Integração Power BI ativada
info: Aguarde, fazendo atualização dos dados Power BI...
info: Atualizando Clientes...
info: Atualizando Emails ...
info: Atualizando Telefones ...
info: Atualizando Contas a Pagar ...
info: Atualizando Contas a Receber (Crediario) ...
error: Falha ao atualizar contas a receber
info: Atualizando Produtos...
info: Atualizando Produtos/Entrada...
info: Atualizando Produtos/Fornecedores...
info: Atualizando Vendas...
info: Atualizando Vendedores...
info: 16/7/2024 15:57 - 19855 clientes atualizados...
info: 16/7/2024 15:57 - 4941 emails atualizados...
info: 16/7/2024 15:57 - 28303 telefones atualizados...
info: 16/7/2024 15:57 - 12973 contas a pagar atualizadas...
info: 16/7/2024 15:57 - 21708 produtos atualizados...
info: Banco de dados conectado...
info: **************************************
info: * Servidor iniciado na porta 3000    *
info: *           Versão 1.0.23            *
info: **************************************
info: Integração Power BI ativada
info: Aguarde, fazendo atualização dos dados Power BI...
info: Atualizando Clientes...
info: Atualizando Emails ...
info: Atualizando Telefones ...
info: Atualizando Contas a Pagar ...
info: Atualizando Contas a Receber (Crediario) ...
info: Atualizando Produtos...
info: Atualizando Produtos/Entrada...
info: Atualizando Produtos/Fornecedores...
info: Atualizando Vendas...
info: Atualizando Vendedores...
info: 16/7/2024 15:57 - 19855 clientes atualizados...
info: 16/7/2024 15:57 - 4941 emails atualizados...
info: 16/7/2024 15:57 - 28303 telefones atualizados...
info: 16/7/2024 15:57 - 12973 contas a pagar atualizadas...
info: 16/7/2024 15:57 - 3842 contas a receber (crediario) atualizadas...
info: 16/7/2024 15:57 - 21708 produtos atualizados...
info: 16/7/2024 15:57 - 17477 produtos/entrada atualizados...
info: 16/7/2024 15:57 - 10823 produtos/fornecedores atualizados...
info: 16/7/2024 15:57 - 7325 vendas atualizadas...
info: 16/7/2024 15:57 -  142 vendedores atualizados...
info: Banco de dados conectado...
info: **************************************
info: * Servidor iniciado na porta 3000    *
info: *           Versão 1.0.23            *
info: **************************************
info: Integração Power BI ativada
info: Aguarde, fazendo atualização dos dados Power BI...
info: Atualizando Clientes...
info: Atualizando Emails ...
info: Atualizando Telefones ...
info: Atualizando Contas a Pagar ...
info: Atualizando Contas a Receber (Crediario) ...
info: Atualizando Produtos...
info: Atualizando Produtos/Entrada...
info: Atualizando Produtos/Fornecedores...
info: Atualizando Vendas...
info: Atualizando Vendedores...
info: 16/7/2024 16:00 - 19855 clientes atualizados...
info: 16/7/2024 16:00 - 4941 emails atualizados...
info: 16/7/2024 16:00 - 28303 telefones atualizados...
info: 16/7/2024 16:00 - 12973 contas a pagar atualizadas...
info: 16/7/2024 16:00 - 3842 contas a receber (crediario) atualizadas...
info: 16/7/2024 16:00 - 21708 produtos atualizados...
info: 16/7/2024 16:00 - 17477 produtos/entrada atualizados...
info: 16/7/2024 16:00 - 10823 produtos/fornecedores atualizados...
info: 16/7/2024 16:00 - 7325 vendas atualizadas...
info: 16/7/2024 16:00 -  142 vendedores atualizados...
info: Banco de dados conectado...
info: **************************************
info: * Servidor iniciado na porta 3000    *
info: *           Versão 1.0.23            *
info: **************************************
info: Integração Power BI ativada
info: Aguarde, fazendo atualização dos dados Power BI...
info: Atualizando Clientes...
info: Atualizando Emails ...
info: Atualizando Telefones ...
info: Atualizando Contas a Pagar ...
info: Atualizando Contas a Receber (Crediario) ...
info: Atualizando Produtos...
info: Atualizando Produtos/Entrada...
info: Atualizando Produtos/Fornecedores...
info: Atualizando Vendas...
info: Atualizando Vendedores...
info: 16/7/2024 16:02 - 19855 clientes atualizados...
info: 16/7/2024 16:02 - 4941 emails atualizados...
info: 16/7/2024 16:02 - 28303 telefones atualizados...
info: 16/7/2024 16:02 - 12973 contas a pagar atualizadas...
info: 16/7/2024 16:02 - 3842 contas a receber (crediario) atualizadas...
info: 16/7/2024 16:02 - 21708 produtos atualizados...
info: Banco de dados conectado...
info: **************************************
info: * Servidor iniciado na porta 3000    *
info: *           Versão 1.0.23            *
info: **************************************
info: Integração Power BI ativada
info: Aguarde, fazendo atualização dos dados Power BI...
info: Atualizando Clientes...
info: Atualizando Emails ...
info: Atualizando Telefones ...
info: Atualizando Contas a Pagar ...
info: Atualizando Contas a Receber (Crediario) ...
info: Atualizando Produtos...
info: Atualizando Produtos/Entrada...
info: Atualizando Produtos/Fornecedores...
info: Atualizando Vendas...
info: Atualizando Vendedores...
info: 16/7/2024 16:03 - 19855 clientes atualizados...
info: 16/7/2024 16:03 - 4941 emails atualizados...
info: 16/7/2024 16:03 - 28303 telefones atualizados...
info: 16/7/2024 16:03 - 12973 contas a pagar atualizadas...
info: 16/7/2024 16:03 - 3842 contas a receber (crediario) atualizadas...
info: 16/7/2024 16:03 - 21708 produtos atualizados...
info: 16/7/2024 16:03 - 17477 produtos/entrada atualizados...
info: 16/7/2024 16:03 - 10823 produtos/fornecedores atualizados...
info: 16/7/2024 16:03 - 7325 vendas atualizadas...
info: 16/7/2024 16:03 -  142 vendedores atualizados...
info: Banco de dados conectado...
info: **************************************
info: * Servidor iniciado na porta 3000    *
info: *           Versão 1.0.23            *
info: **************************************
info: Integração Power BI ativada
info: Aguarde, fazendo atualização dos dados Power BI...
info: Atualizando Clientes...
info: Atualizando Emails ...
info: Atualizando Telefones ...
info: Atualizando Contas a Pagar ...
info: Atualizando Contas a Receber (Crediario) ...
info: Atualizando Produtos...
info: Atualizando Produtos/Entrada...
info: Atualizando Produtos/Fornecedores...
info: Atualizando Vendas...
info: Atualizando Vendedores...
info: 16/7/2024 16:06 - 19855 clientes atualizados...
info: 16/7/2024 16:06 - 4941 emails atualizados...
info: 16/7/2024 16:06 - 28303 telefones atualizados...
info: 16/7/2024 16:06 - 12973 contas a pagar atualizadas...
info: 16/7/2024 16:06 - 3842 contas a receber (crediario) atualizadas...
info: 16/7/2024 16:06 - 21708 produtos atualizados...
info: 16/7/2024 16:06 - 17477 produtos/entrada atualizados...
info: 16/7/2024 16:06 - 10823 produtos/fornecedores atualizados...
info: 16/7/2024 16:06 - 7325 vendas atualizadas...
info: 16/7/2024 16:06 -  142 vendedores atualizados...
info: Banco de dados conectado...
info: **************************************
info: * Servidor iniciado na porta 3000    *
info: *           Versão 1.0.23            *
info: **************************************
info: Integração Power BI ativada
info: Aguarde, fazendo atualização dos dados Power BI...
info: Atualizando Clientes...
info: Atualizando Emails ...
info: Atualizando Telefones ...
info: Atualizando Contas a Pagar ...
info: Atualizando Contas a Receber (Crediario) ...
info: Atualizando Produtos...
info: Atualizando Produtos/Entrada...
info: Atualizando Produtos/Fornecedores...
info: Atualizando Vendas...
info: Atualizando Vendedores...
info: 16/7/2024 16:09 - 19855 clientes atualizados...
info: 16/7/2024 16:09 - 4941 emails atualizados...
info: 16/7/2024 16:09 - 28303 telefones atualizados...
info: 16/7/2024 16:09 - 12973 contas a pagar atualizadas...
info: 16/7/2024 16:09 - 3842 contas a receber (crediario) atualizadas...
info: 16/7/2024 16:09 - 21708 produtos atualizados...
info: 16/7/2024 16:09 - 17477 produtos/entrada atualizados...
info: 16/7/2024 16:09 - 10823 produtos/fornecedores atualizados...
info: 16/7/2024 16:09 - 7325 vendas atualizadas...
info: 16/7/2024 16:09 -  142 vendedores atualizados...
info: Banco de dados conectado...
info: **************************************
info: * Servidor iniciado na porta 3000    *
info: *           Versão 1.0.23            *
info: **************************************
info: Integração Power BI ativada
info: Aguarde, fazendo atualização dos dados Power BI...
info: Atualizando Clientes...
info: Atualizando Emails ...
info: Atualizando Telefones ...
info: Atualizando Contas a Pagar ...
info: Atualizando Contas a Receber (Crediario) ...
info: Atualizando Produtos...
info: Atualizando Produtos/Entrada...
info: Atualizando Produtos/Fornecedores...
info: Atualizando Vendas...
info: Atualizando Vendedores...
info: 16/7/2024 16:12 - 19855 clientes atualizados...
info: 16/7/2024 16:12 - 4941 emails atualizados...
info: 16/7/2024 16:12 - 28303 telefones atualizados...
info: 16/7/2024 16:12 - 12973 contas a pagar atualizadas...
info: 16/7/2024 16:12 - 3842 contas a receber (crediario) atualizadas...
info: 16/7/2024 16:12 - 21708 produtos atualizados...
info: 16/7/2024 16:12 - 17477 produtos/entrada atualizados...
info: 16/7/2024 16:12 - 10823 produtos/fornecedores atualizados...
info: 16/7/2024 16:12 - 7325 vendas atualizadas...
info: 16/7/2024 16:12 -  142 vendedores atualizados...
info: Banco de dados conectado...
info: **************************************
info: * Servidor iniciado na porta 3000    *
info: *           Versão 1.0.23            *
info: **************************************
info: Integração Power BI ativada
info: Aguarde, fazendo atualização dos dados Power BI...
info: Atualizando Clientes...
info: Atualizando Emails ...
info: Atualizando Telefones ...
info: Atualizando Contas a Pagar ...
info: Atualizando Contas a Receber (Crediario) ...
info: Atualizando Produtos...
info: Atualizando Produtos/Entrada...
info: Atualizando Produtos/Fornecedores...
info: Atualizando Vendas...
info: Atualizando Vendedores...
info: 16/7/2024 16:16 - 19855 clientes atualizados...
info: 16/7/2024 16:16 - 4941 emails atualizados...
info: 16/7/2024 16:16 - 28303 telefones atualizados...
info: 16/7/2024 16:16 - 12973 contas a pagar atualizadas...
info: 16/7/2024 16:16 - 3842 contas a receber (crediario) atualizadas...
info: 16/7/2024 16:16 - 21708 produtos atualizados...
info: 16/7/2024 16:16 - 17477 produtos/entrada atualizados...
info: 16/7/2024 16:16 - 10823 produtos/fornecedores atualizados...
info: 16/7/2024 16:16 - 7325 vendas atualizadas...
info: 16/7/2024 16:16 -  142 vendedores atualizados...
info: Banco de dados conectado...
info: **************************************
info: * Servidor iniciado na porta 3000    *
info: *           Versão 1.0.23            *
info: **************************************
info: Integração Power BI ativada
info: Aguarde, fazendo atualização dos dados Power BI...
info: Atualizando Clientes...
error: Falha ao atualizar clientes
info: Atualizando Emails ...
info: 20/8/2024 15:42 - 4941 emails atualizados...
info: Atualizando Telefones ...
info: Atualizando Contas a Pagar ...
info: Atualizando Contas a Receber (Crediario) ...
info: Atualizando Produtos...
info: Atualizando Produtos/Entrada...
info: Atualizando Produtos/Fornecedores...
info: Atualizando Vendas...
info: Atualizando Vendedores...
info: 20/8/2024 15:42 - 28303 telefones atualizados...
info: 20/8/2024 15:42 - 12973 contas a pagar atualizadas...
info: 20/8/2024 15:42 - 3842 contas a receber (crediario) atualizadas...
info: 20/8/2024 15:42 - 21708 produtos atualizados...
info: 20/8/2024 15:42 - 17477 produtos/entrada atualizados...
info: 20/8/2024 15:42 - 10823 produtos/fornecedores atualizados...
info: 20/8/2024 15:42 - 7325 vendas atualizadas...
info: 20/8/2024 15:42 -  142 vendedores atualizados...
info: Banco de dados conectado...
info: **************************************
info: * Servidor iniciado na porta 3000    *
info: *           Versão 1.0.23            *
info: **************************************
info: Integração Power BI ativada
info: Aguarde, fazendo atualização dos dados Power BI...
info: Atualizando Clientes...
info: Atualizando Emails ...
info: Atualizando Telefones ...
info: Atualizando Contas a Pagar ...
info: Atualizando Contas a Receber (Crediario) ...
info: Atualizando Produtos...
info: Atualizando Produtos/Entrada...
info: 20/8/2024 15:43 - 19855 clientes atualizados...
info: Atualizando Produtos/Fornecedores...
info: Atualizando Vendas...
info: Atualizando Vendedores...
info: 20/8/2024 15:43 - 4941 emails atualizados...
info: 20/8/2024 15:43 - 28303 telefones atualizados...
info: 20/8/2024 15:43 - 12973 contas a pagar atualizadas...
info: 20/8/2024 15:43 - 3842 contas a receber (crediario) atualizadas...
info: 20/8/2024 15:43 - 21708 produtos atualizados...
info: 20/8/2024 15:43 - 17477 produtos/entrada atualizados...
info: 20/8/2024 15:43 - 10823 produtos/fornecedores atualizados...
info: 20/8/2024 15:43 - 7325 vendas atualizadas...
info: 20/8/2024 15:43 -  142 vendedores atualizados...
info: Banco de dados conectado...
info: **************************************
info: * Servidor iniciado na porta 3000    *
info: *           Versão 1.0.23            *
info: **************************************
info: Integração Power BI ativada
info: Aguarde, fazendo atualização dos dados Power BI...
info: Atualizando Clientes...
info: Atualizando Emails ...
info: Atualizando Telefones ...
info: Atualizando Contas a Pagar ...
info: Atualizando Contas a Receber (Crediario) ...
info: Atualizando Produtos...
info: Atualizando Produtos/Entrada...
info: Atualizando Produtos/Fornecedores...
info: Atualizando Vendas...
info: Atualizando Vendedores...
info: 20/8/2024 15:46 - 24 clientes atualizados...
info: 20/8/2024 15:46 - 8 emails atualizados...
info: 20/8/2024 15:46 - 18 telefones atualizados...
info: 20/8/2024 15:46 - 94 contas a pagar atualizadas...
info: 20/8/2024 15:46 - 20 contas a receber (crediario) atualizadas...
info: 20/8/2024 15:46 - 133 produtos atualizados...
info: 20/8/2024 15:46 - 1 produtos/entrada atualizados...
info: 20/8/2024 15:46 - 1 produtos/fornecedores atualizados...
info: 20/8/2024 15:46 - 3 vendas atualizadas...
info: 20/8/2024 15:46 -  13 vendedores atualizados...
info: Atualização manual dos dados Power BI
info: Aguarde, fazendo atualização dos dados Power BI...
info: Atualizando Clientes...
info: Atualizando Emails ...
info: Atualizando Telefones ...
info: Atualizando Contas a Pagar ...
info: Atualizando Contas a Receber (Crediario) ...
info: Atualizando Produtos...
info: Atualizando Produtos/Entrada...
info: Atualizando Produtos/Fornecedores...
info: Atualizando Vendas...
info: Atualizando Vendedores...
info: 20/8/2024 15:47 - 24 clientes atualizados...
info: 20/8/2024 15:47 - 8 emails atualizados...
info: 20/8/2024 15:47 - 18 telefones atualizados...
info: 20/8/2024 15:47 - 94 contas a pagar atualizadas...
info: 20/8/2024 15:47 - 20 contas a receber (crediario) atualizadas...
info: 20/8/2024 15:47 - 133 produtos atualizados...
info: 20/8/2024 15:47 - 1 produtos/entrada atualizados...
info: 20/8/2024 15:47 - 1 produtos/fornecedores atualizados...
info: 20/8/2024 15:47 - 3 vendas atualizadas...
info: 20/8/2024 15:47 -  13 vendedores atualizados...
info: Banco de dados conectado...
info: **************************************
info: * Servidor iniciado na porta 3000    *
info: *           Versão 1.0.23            *
info: **************************************
info: Integração Power BI ativada
info: Aguarde, fazendo atualização dos dados Power BI...
info: Atualizando Clientes...
info: Atualizando Emails ...
info: Atualizando Telefones ...
info: Atualizando Contas a Pagar ...
info: Atualizando Contas a Receber (Crediario) ...
info: Atualizando Produtos...
info: Atualizando Produtos/Entrada...
info: Atualizando Produtos/Fornecedores...
info: Atualizando Vendas...
info: Atualizando Vendedores...
info: 20/8/2024 16:11 - 24 clientes atualizados...
info: 20/8/2024 16:11 - 8 emails atualizados...
info: 20/8/2024 16:11 - 18 telefones atualizados...
info: 20/8/2024 16:11 - 94 contas a pagar atualizadas...
info: 20/8/2024 16:11 - 20 contas a receber (crediario) atualizadas...
info: 20/8/2024 16:11 - 133 produtos atualizados...
info: 20/8/2024 16:11 - 1 produtos/entrada atualizados...
info: 20/8/2024 16:11 - 1 produtos/fornecedores atualizados...
info: 20/8/2024 16:11 - 3 vendas atualizadas...
info: 20/8/2024 16:11 -  13 vendedores atualizados...
info: Banco de dados conectado...
info: **************************************
info: * Servidor iniciado na porta 3000    *
info: *           Versão 1.0.23            *
info: **************************************
info: Integração Power BI ativada
info: Aguarde, fazendo atualização dos dados Power BI...
info: Atualizando Clientes...
info: Atualizando Emails ...
info: Atualizando Telefones ...
info: Atualizando Contas a Pagar ...
info: Atualizando Contas a Receber (Crediario) ...
info: Atualizando Produtos...
info: Atualizando Produtos/Entrada...
info: Atualizando Produtos/Fornecedores...
info: Atualizando Vendas...
info: Atualizando Vendedores...
error: TypeError: Cannot read properties of undefined (reading 'affectedRows')
    at Query.onResult (C:\projetos\cmx-api-electron\cmx-api-electron\funcoes\powerbi_enviar_dados.js:306:62)
    at Connection._notifyError (C:\projetos\cmx-api-electron\cmx-api-electron\node_modules\mysql2\lib\connection.js:228:21)
    at Connection._handleFatalError (C:\projetos\cmx-api-electron\cmx-api-electron\node_modules\mysql2\lib\connection.js:183:10)
    at Connection.handlePacket (C:\projetos\cmx-api-electron\cmx-api-electron\node_modules\mysql2\lib\connection.js:491:12)
    at PacketParser.onPacket (C:\projetos\cmx-api-electron\cmx-api-electron\node_modules\mysql2\lib\connection.js:97:12)
    at PacketParser.executeStart (C:\projetos\cmx-api-electron\cmx-api-electron\node_modules\mysql2\lib\packet_parser.js:75:16)
    at Socket.<anonymous> (C:\projetos\cmx-api-electron\cmx-api-electron\node_modules\mysql2\lib\connection.js:104:25)
    at Socket.emit (node:events:514:28)
    at addChunk (node:internal/streams/readable:376:12)
    at readableAddChunk (node:internal/streams/readable:349:9)
info: Banco de dados conectado...
info: **************************************
info: * Servidor iniciado na porta 3000    *
info: *           Versão 1.0.23            *
info: **************************************
info: Integração Power BI ativada
info: Aguarde, fazendo atualização dos dados Power BI...
info: Atualizando Clientes...
info: Atualizando Emails ...
info: Atualizando Telefones ...
info: Atualizando Contas a Pagar ...
info: Atualizando Contas a Receber (Crediario) ...
info: Atualizando Produtos...
info: Atualizando Produtos/Entrada...
info: Atualizando Produtos/Fornecedores...
info: Atualizando Vendas...
info: Atualizando Vendedores...
info: 20/8/2024 16:14 - 24 clientes atualizados...
info: 20/8/2024 16:14 - 8 emails atualizados...
info: 20/8/2024 16:14 - 18 telefones atualizados...
info: 20/8/2024 16:14 - 94 contas a pagar atualizadas...
info: 20/8/2024 16:14 - 20 contas a receber (crediario) atualizadas...
info: 20/8/2024 16:14 - 133 produtos atualizados...
info: 20/8/2024 16:14 - 1 produtos/entrada atualizados...
info: 20/8/2024 16:14 - 1 produtos/fornecedores atualizados...
info: 20/8/2024 16:14 - 3 vendas atualizadas...
info: 20/8/2024 16:14 -  13 vendedores atualizados...
info: Banco de dados conectado...
info: **************************************
info: * Servidor iniciado na porta 3000    *
info: *           Versão 1.0.23            *
info: **************************************
info: Integração Power BI ativada
info: Aguarde, fazendo atualização dos dados Power BI...
info: Atualizando Clientes...
info: Atualizando Emails ...
info: Atualizando Telefones ...
info: Atualizando Contas a Pagar ...
info: Atualizando Contas a Receber (Crediario) ...
info: Atualizando Produtos...
info: Atualizando Produtos/Entrada...
info: Atualizando Produtos/Fornecedores...
info: Atualizando Vendas...
info: Atualizando Vendedores...
info: 20/8/2024 16:22 - 24 clientes atualizados...
info: 20/8/2024 16:22 - 8 emails atualizados...
info: 20/8/2024 16:22 - 18 telefones atualizados...
info: 20/8/2024 16:22 - 94 contas a pagar atualizadas...
info: 20/8/2024 16:22 - 20 contas a receber (crediario) atualizadas...
info: 20/8/2024 16:22 - 133 produtos atualizados...
info: 20/8/2024 16:22 - 1 produtos/entrada atualizados...
info: 20/8/2024 16:22 - 1 produtos/fornecedores atualizados...
info: 20/8/2024 16:22 - 3 vendas atualizadas...
info: 20/8/2024 16:22 -  13 vendedores atualizados...
